<!DOCTYPE html>

<html>
  <head>
  <meta charset='utf-8'>
  <title>TestNG reports</title>

    <link type="text/css" href="testng-reports.css" rel="stylesheet" />
    <script type="text/javascript" src="jquery-1.7.1.min.js"></script>
    <script type="text/javascript" src="testng-reports.js"></script>
    <script type="text/javascript" src="https://www.google.com/jsapi"></script>
    <script type='text/javascript'>
      google.load('visualization', '1', {packages:['table']});
      google.setOnLoadCallback(drawTable);
      var suiteTableInitFunctions = new Array();
      var suiteTableData = new Array();
    </script>
    <!--
      <script type="text/javascript" src="jquery-ui/js/jquery-ui-1.8.16.custom.min.js"></script>
     -->
  </head>

  <body>
    <div class="top-banner-root">
      <span class="top-banner-title-font">Test results</span>
      <br/>
      <span class="top-banner-font-1">1 suite, 1 failed test</span>
    </div> <!-- top-banner-root -->
    <div class="navigator-root">
      <div class="navigator-suite-header">
        <span>All suites</span>
        <a href="#" class="collapse-all-link" title="Collapse/expand all the suites">
          <img class="collapse-all-icon" src="collapseall.gif">
          </img> <!-- collapse-all-icon -->
        </a> <!-- collapse-all-link -->
      </div> <!-- navigator-suite-header -->
      <div class="suite">
        <div class="rounded-window">
          <div class="suite-header light-rounded-window-top">
            <a href="#" class="navigator-link" panel-name="suite-ALL_TEST_CASES">
              <span class="suite-name border-failed">ALL TEST CASES</span>
            </a> <!-- navigator-link -->
          </div> <!-- suite-header light-rounded-window-top -->
          <div class="navigator-suite-content">
            <div class="suite-section-title">
              <span>Info</span>
            </div> <!-- suite-section-title -->
            <div class="suite-section-content">
              <ul>
                <li>
                  <a href="#" class="navigator-link " panel-name="test-xml-ALL_TEST_CASES">
                    <span>C:\Framework\AutomationFramework-master (2).zip_expanded\AutomationFramework-master\Suite\suite.xml</span>
                  </a> <!-- navigator-link  -->
                </li>
                <li>
                  <a href="#" class="navigator-link " panel-name="testlist-ALL_TEST_CASES">
                    <span class="test-stats">1 test</span>
                  </a> <!-- navigator-link  -->
                </li>
                <li>
                  <a href="#" class="navigator-link " panel-name="group-ALL_TEST_CASES">
                    <span>0 groups</span>
                  </a> <!-- navigator-link  -->
                </li>
                <li>
                  <a href="#" class="navigator-link " panel-name="times-ALL_TEST_CASES">
                    <span>Times</span>
                  </a> <!-- navigator-link  -->
                </li>
                <li>
                  <a href="#" class="navigator-link " panel-name="reporter-ALL_TEST_CASES">
                    <span>Reporter output</span>
                  </a> <!-- navigator-link  -->
                </li>
                <li>
                  <a href="#" class="navigator-link " panel-name="ignored-methods-ALL_TEST_CASES">
                    <span>Ignored methods</span>
                  </a> <!-- navigator-link  -->
                </li>
                <li>
                  <a href="#" class="navigator-link " panel-name="chronological-ALL_TEST_CASES">
                    <span>Chronological view</span>
                  </a> <!-- navigator-link  -->
                </li>
              </ul>
            </div> <!-- suite-section-content -->
            <div class="result-section">
              <div class="suite-section-title">
                <span>Results</span>
              </div> <!-- suite-section-title -->
              <div class="suite-section-content">
                <ul>
                  <li>
                    <span class="method-stats">4 methods, 1 failed,   3 passed</span>
                  </li>
                  <li>
                    <span class="method-list-title failed">Failed methods</span>
                    <span class="show-or-hide-methods failed">
                      <a href="#" panel-name="suite-ALL_TEST_CASES" class="hide-methods failed suite-ALL_TEST_CASES"> (hide)</a> <!-- hide-methods failed suite-ALL_TEST_CASES -->
                      <a href="#" panel-name="suite-ALL_TEST_CASES" class="show-methods failed suite-ALL_TEST_CASES"> (show)</a> <!-- show-methods failed suite-ALL_TEST_CASES -->
                    </span>
                    <div class="method-list-content failed suite-ALL_TEST_CASES">
                      <span>
                        <img width="3%" src="failed.png"/>
                        <a href="#" class="method navigator-link" panel-name="suite-ALL_TEST_CASES" title="com.the_internet_herokuapp.testcase.File_Upload" hash-for-method="f">f</a> <!-- method navigator-link -->
                      </span>
                      <br/>
                    </div> <!-- method-list-content failed suite-ALL_TEST_CASES -->
                  </li>
                  <li>
                    <span class="method-list-title passed">Passed methods</span>
                    <span class="show-or-hide-methods passed">
                      <a href="#" panel-name="suite-ALL_TEST_CASES" class="hide-methods passed suite-ALL_TEST_CASES"> (hide)</a> <!-- hide-methods passed suite-ALL_TEST_CASES -->
                      <a href="#" panel-name="suite-ALL_TEST_CASES" class="show-methods passed suite-ALL_TEST_CASES"> (show)</a> <!-- show-methods passed suite-ALL_TEST_CASES -->
                    </span>
                    <div class="method-list-content passed suite-ALL_TEST_CASES">
                      <span>
                        <img width="3%" src="passed.png"/>
                        <a href="#" class="method navigator-link" panel-name="suite-ALL_TEST_CASES" title="com.the_internet_herokuapp.testcase.CheckBoxes" hash-for-method="checkbox">checkbox</a> <!-- method navigator-link -->
                      </span>
                      <br/>
                      <span>
                        <img width="3%" src="passed.png"/>
                        <a href="#" class="method navigator-link" panel-name="suite-ALL_TEST_CASES" title="com.the_internet_herokuapp.testcase.Basic_Auth" hash-for-method="f">f</a> <!-- method navigator-link -->
                      </span>
                      <br/>
                      <span>
                        <img width="3%" src="passed.png"/>
                        <a href="#" class="method navigator-link" panel-name="suite-ALL_TEST_CASES" title="com.the_internet_herokuapp.testcase.Form_Authentication" hash-for-method="valid">valid</a> <!-- method navigator-link -->
                      </span>
                      <br/>
                    </div> <!-- method-list-content passed suite-ALL_TEST_CASES -->
                  </li>
                </ul>
              </div> <!-- suite-section-content -->
            </div> <!-- result-section -->
          </div> <!-- navigator-suite-content -->
        </div> <!-- rounded-window -->
      </div> <!-- suite -->
    </div> <!-- navigator-root -->
    <div class="wrapper">
      <div class="main-panel-root">
        <div panel-name="suite-ALL_TEST_CASES" class="panel ALL_TEST_CASES">
          <div class="suite-ALL_TEST_CASES-class-failed">
            <div class="main-panel-header rounded-window-top">
              <img src="failed.png"/>
              <span class="class-name">com.the_internet_herokuapp.testcase.File_Upload</span>
            </div> <!-- main-panel-header rounded-window-top -->
            <div class="main-panel-content rounded-window-bottom">
              <div class="method">
                <div class="method-content">
                  <a name="f">
                  </a> <!-- f -->
                  <span class="method-name">f</span>
                  <div class="stack-trace">org.openqa.selenium.InvalidArgumentException: Cannot click &lt;input type=file&gt; elements
Build info: version: &apos;3.7.1&apos;, revision: &apos;8a0099a&apos;, time: &apos;2017-11-06T21:07:36.161Z&apos;
System info: host: &apos;ARANJAN-LTW7&apos;, ip: &apos;10.33.176.51&apos;, os.name: &apos;Windows 7&apos;, os.arch: &apos;amd64&apos;, os.version: &apos;6.1&apos;, java.version: &apos;1.8.0_131&apos;
Driver info: org.openqa.selenium.firefox.FirefoxDriver
Capabilities {acceptInsecureCerts: true, browserName: firefox, browserVersion: 60.0.2, javascriptEnabled: true, moz:accessibilityChecks: false, moz:headless: false, moz:processID: 12788, moz:profile: C:\Users\aranjan\AppData\Lo..., moz:useNonSpecCompliantPointerOrigin: false, moz:webdriverClick: true, pageLoadStrategy: normal, platform: XP, platformName: XP, platformVersion: 6.1, rotatable: false, timeouts: {implicit: 0, pageLoad: 300000, script: 30000}}
Session ID: e7347e44-eb77-4ced-a3d1-2b4a28df0b6f
	at sun.reflect.NativeConstructorAccessorImpl.newInstance0(Native Method)
	at sun.reflect.NativeConstructorAccessorImpl.newInstance(Unknown Source)
	at sun.reflect.DelegatingConstructorAccessorImpl.newInstance(Unknown Source)
	at java.lang.reflect.Constructor.newInstance(Unknown Source)
	at org.openqa.selenium.remote.http.W3CHttpResponseCodec.createException(W3CHttpResponseCodec.java:187)
	at org.openqa.selenium.remote.http.W3CHttpResponseCodec.decode(W3CHttpResponseCodec.java:122)
	at org.openqa.selenium.remote.http.W3CHttpResponseCodec.decode(W3CHttpResponseCodec.java:49)
	at org.openqa.selenium.remote.HttpCommandExecutor.execute(HttpCommandExecutor.java:164)
	at org.openqa.selenium.remote.service.DriverCommandExecutor.execute(DriverCommandExecutor.java:83)
	at org.openqa.selenium.remote.RemoteWebDriver.execute(RemoteWebDriver.java:600)
	at org.openqa.selenium.remote.RemoteWebElement.execute(RemoteWebElement.java:279)
	at org.openqa.selenium.remote.RemoteWebElement.click(RemoteWebElement.java:83)
	at com.the_internet_herokuapp.testcase.File_Upload.f(File_Upload.java:17)
	at sun.reflect.NativeMethodAccessorImpl.invoke0(Native Method)
	at sun.reflect.NativeMethodAccessorImpl.invoke(Unknown Source)
	at sun.reflect.DelegatingMethodAccessorImpl.invoke(Unknown Source)
	at java.lang.reflect.Method.invoke(Unknown Source)
	at org.testng.internal.MethodInvocationHelper.invokeMethod(MethodInvocationHelper.java:108)
	at org.testng.internal.Invoker.invokeMethod(Invoker.java:669)
	at org.testng.internal.Invoker.invokeTestMethod(Invoker.java:877)
	at org.testng.internal.Invoker.invokeTestMethods(Invoker.java:1201)
	at org.testng.internal.TestMethodWorker.invokeTestMethods(TestMethodWorker.java:125)
	at org.testng.internal.TestMethodWorker.run(TestMethodWorker.java:109)
	at org.testng.TestRunner.privateRun(TestRunner.java:776)
	at org.testng.TestRunner.run(TestRunner.java:634)
	at org.testng.SuiteRunner.runTest(SuiteRunner.java:425)
	at org.testng.SuiteRunner.runSequentially(SuiteRunner.java:420)
	at org.testng.SuiteRunner.privateRun(SuiteRunner.java:385)
	at org.testng.SuiteRunner.run(SuiteRunner.java:334)
	at org.testng.SuiteRunnerWorker.runSuite(SuiteRunnerWorker.java:52)
	at org.testng.SuiteRunnerWorker.run(SuiteRunnerWorker.java:86)
	at org.testng.TestNG.runSuitesSequentially(TestNG.java:1318)
	at org.testng.TestNG.runSuitesLocally(TestNG.java:1243)
	at org.testng.TestNG.runSuites(TestNG.java:1161)
	at org.testng.TestNG.run(TestNG.java:1129)
	at org.testng.remote.AbstractRemoteTestNG.run(AbstractRemoteTestNG.java:114)
	at org.testng.remote.RemoteTestNG.initAndRun(RemoteTestNG.java:251)
	at org.testng.remote.RemoteTestNG.main(RemoteTestNG.java:77)

</div> <!-- stack-trace -->
                </div> <!-- method-content -->
              </div> <!-- method -->
            </div> <!-- main-panel-content rounded-window-bottom -->
          </div> <!-- suite-ALL_TEST_CASES-class-failed -->
          <div class="suite-ALL_TEST_CASES-class-passed">
            <div class="main-panel-header rounded-window-top">
              <img src="passed.png"/>
              <span class="class-name">com.the_internet_herokuapp.testcase.CheckBoxes</span>
            </div> <!-- main-panel-header rounded-window-top -->
            <div class="main-panel-content rounded-window-bottom">
              <div class="method">
                <div class="method-content">
                  <a name="checkbox">
                  </a> <!-- checkbox -->
                  <span class="method-name">checkbox</span>
                  <em>
(This is test for checkbox)                  </em>
                </div> <!-- method-content -->
              </div> <!-- method -->
            </div> <!-- main-panel-content rounded-window-bottom -->
          </div> <!-- suite-ALL_TEST_CASES-class-passed -->
          <div class="suite-ALL_TEST_CASES-class-passed">
            <div class="main-panel-header rounded-window-top">
              <img src="passed.png"/>
              <span class="class-name">com.the_internet_herokuapp.testcase.Basic_Auth</span>
            </div> <!-- main-panel-header rounded-window-top -->
            <div class="main-panel-content rounded-window-bottom">
              <div class="method">
                <div class="method-content">
                  <a name="f">
                  </a> <!-- f -->
                  <span class="method-name">f</span>
                </div> <!-- method-content -->
              </div> <!-- method -->
            </div> <!-- main-panel-content rounded-window-bottom -->
          </div> <!-- suite-ALL_TEST_CASES-class-passed -->
          <div class="suite-ALL_TEST_CASES-class-passed">
            <div class="main-panel-header rounded-window-top">
              <img src="passed.png"/>
              <span class="class-name">com.the_internet_herokuapp.testcase.Form_Authentication</span>
            </div> <!-- main-panel-header rounded-window-top -->
            <div class="main-panel-content rounded-window-bottom">
              <div class="method">
                <div class="method-content">
                  <a name="valid">
                  </a> <!-- valid -->
                  <span class="method-name">valid</span>
                  <em>
(This test case for Login with valid username and password and its message when it is failed)                  </em>
                </div> <!-- method-content -->
              </div> <!-- method -->
            </div> <!-- main-panel-content rounded-window-bottom -->
          </div> <!-- suite-ALL_TEST_CASES-class-passed -->
        </div> <!-- panel ALL_TEST_CASES -->
        <div panel-name="test-xml-ALL_TEST_CASES" class="panel">
          <div class="main-panel-header rounded-window-top">
            <span class="header-content">C:\Framework\AutomationFramework-master (2).zip_expanded\AutomationFramework-master\Suite\suite.xml</span>
          </div> <!-- main-panel-header rounded-window-top -->
          <div class="main-panel-content rounded-window-bottom">
            <pre>
&lt;?xml version=&quot;1.0&quot; encoding=&quot;UTF-8&quot;?&gt;
&lt;!DOCTYPE suite SYSTEM &quot;http://testng.org/testng-1.0.dtd&quot;&gt;
&lt;suite guice-stage=&quot;DEVELOPMENT&quot; verbose=&quot;3&quot; name=&quot;ALL TEST CASES&quot;&gt;
  &lt;listeners&gt;
    &lt;listener class-name=&quot;org.uncommons.reportng.HTMLReporter&quot;/&gt;
    &lt;listener class-name=&quot;org.uncommons.reportng.JUnitXMLReporter&quot;/&gt;
  &lt;/listeners&gt;
  &lt;test name=&quot;TEST_ALL_ASHIWANI&quot;&gt;
    &lt;classes&gt;
      &lt;class name=&quot;com.the_internet_herokuapp.testcase.CheckBoxes&quot;/&gt;
      &lt;class name=&quot;com.the_internet_herokuapp.testcase.Basic_Auth&quot;/&gt;
      &lt;class name=&quot;com.the_internet_herokuapp.testcase.File_Upload&quot;/&gt;
      &lt;class name=&quot;com.the_internet_herokuapp.testcase.Form_Authentication&quot;/&gt;
    &lt;/classes&gt;
  &lt;/test&gt; &lt;!-- TEST_ALL_ASHIWANI --&gt;
&lt;/suite&gt; &lt;!-- ALL TEST CASES --&gt;
            </pre>
          </div> <!-- main-panel-content rounded-window-bottom -->
        </div> <!-- panel -->
        <div panel-name="testlist-ALL_TEST_CASES" class="panel">
          <div class="main-panel-header rounded-window-top">
            <span class="header-content">Tests for ALL TEST CASES</span>
          </div> <!-- main-panel-header rounded-window-top -->
          <div class="main-panel-content rounded-window-bottom">
            <ul>
              <li>
                <span class="test-name">TEST_ALL_ASHIWANI (4 classes)</span>
              </li>
            </ul>
          </div> <!-- main-panel-content rounded-window-bottom -->
        </div> <!-- panel -->
        <div panel-name="group-ALL_TEST_CASES" class="panel">
          <div class="main-panel-header rounded-window-top">
            <span class="header-content">Groups for ALL TEST CASES</span>
          </div> <!-- main-panel-header rounded-window-top -->
          <div class="main-panel-content rounded-window-bottom">
          </div> <!-- main-panel-content rounded-window-bottom -->
        </div> <!-- panel -->
        <div panel-name="times-ALL_TEST_CASES" class="panel">
          <div class="main-panel-header rounded-window-top">
            <span class="header-content">Times for ALL TEST CASES</span>
          </div> <!-- main-panel-header rounded-window-top -->
          <div class="main-panel-content rounded-window-bottom">
            <div class="times-div">
              <script type="text/javascript">
suiteTableInitFunctions.push('tableData_ALL_TEST_CASES');
function tableData_ALL_TEST_CASES() {
var data = new google.visualization.DataTable();
data.addColumn('number', 'Number');
data.addColumn('string', 'Method');
data.addColumn('string', 'Class');
data.addColumn('number', 'Time (ms)');
data.addRows(4);
data.setCell(0, 0, 0)
data.setCell(0, 1, 'f')
data.setCell(0, 2, 'com.the_internet_herokuapp.testcase.Basic_Auth')
data.setCell(0, 3, 24677);
data.setCell(1, 0, 1)
data.setCell(1, 1, 'valid')
data.setCell(1, 2, 'com.the_internet_herokuapp.testcase.Form_Authentication')
data.setCell(1, 3, 8127);
data.setCell(2, 0, 2)
data.setCell(2, 1, 'checkbox')
data.setCell(2, 2, 'com.the_internet_herokuapp.testcase.CheckBoxes')
data.setCell(2, 3, 1804);
data.setCell(3, 0, 3)
data.setCell(3, 1, 'f')
data.setCell(3, 2, 'com.the_internet_herokuapp.testcase.File_Upload')
data.setCell(3, 3, 763);
window.suiteTableData['ALL_TEST_CASES']= { tableData: data, tableDiv: 'times-div-ALL_TEST_CASES'}
return data;
}
              </script>
              <span class="suite-total-time">Total running time: 35 seconds</span>
              <div id="times-div-ALL_TEST_CASES">
              </div> <!-- times-div-ALL_TEST_CASES -->
            </div> <!-- times-div -->
          </div> <!-- main-panel-content rounded-window-bottom -->
        </div> <!-- panel -->
        <div panel-name="reporter-ALL_TEST_CASES" class="panel">
          <div class="main-panel-header rounded-window-top">
            <span class="header-content">Reporter output for ALL TEST CASES</span>
          </div> <!-- main-panel-header rounded-window-top -->
          <div class="main-panel-content rounded-window-bottom">
            <div class="reporter-method-div">
              <span class="reporter-method-name">f</span>
              <div class="reporter-method-output-div">
                <span class="reporter-method-output">successfully click File Download</span>
              </div> <!-- reporter-method-output-div -->
            </div> <!-- reporter-method-div -->
          </div> <!-- main-panel-content rounded-window-bottom -->
        </div> <!-- panel -->
        <div panel-name="ignored-methods-ALL_TEST_CASES" class="panel">
          <div class="main-panel-header rounded-window-top">
            <span class="header-content">6 ignored methods</span>
          </div> <!-- main-panel-header rounded-window-top -->
          <div class="main-panel-content rounded-window-bottom">
            <div class="ignored-class-div">
              <span class="ignored-class-name">com.the_internet_herokuapp.testcase.File_Upload</span>
              <div class="ignored-methods-div">
                <span class="ignored-method-name">closeExtentReport</span>
                <br/>
                <span class="ignored-method-name">setUpExtentReport</span>
                <br/>
              </div> <!-- ignored-methods-div -->
            </div> <!-- ignored-class-div -->
            <div class="ignored-class-div">
              <span class="ignored-class-name">com.the_internet_herokuapp.testcase.Basic_Auth</span>
              <div class="ignored-methods-div">
                <span class="ignored-method-name">closeExtentReport</span>
                <br/>
                <span class="ignored-method-name">setUpExtentReport</span>
                <br/>
              </div> <!-- ignored-methods-div -->
            </div> <!-- ignored-class-div -->
            <div class="ignored-class-div">
              <span class="ignored-class-name">com.the_internet_herokuapp.testcase.Form_Authentication</span>
              <div class="ignored-methods-div">
                <span class="ignored-method-name">closeExtentReport</span>
                <br/>
                <span class="ignored-method-name">setUpExtentReport</span>
                <br/>
              </div> <!-- ignored-methods-div -->
            </div> <!-- ignored-class-div -->
          </div> <!-- main-panel-content rounded-window-bottom -->
        </div> <!-- panel -->
        <div panel-name="chronological-ALL_TEST_CASES" class="panel">
          <div class="main-panel-header rounded-window-top">
            <span class="header-content">Methods in chronological order</span>
          </div> <!-- main-panel-header rounded-window-top -->
          <div class="main-panel-content rounded-window-bottom">
            <div class="chronological-class">
              <div class="chronological-class-name">com.the_internet_herokuapp.testcase.CheckBoxes</div> <!-- chronological-class-name -->
              <div class="configuration-suite before">
                <span class="method-name">setUpExtentReport</span>
                <span class="method-start">0 ms</span>
              </div> <!-- configuration-suite before -->
              <div class="configuration-class before">
                <span class="method-name">applicationStart</span>
                <span class="method-start">258 ms</span>
              </div> <!-- configuration-class before -->
              <div class="configuration-method before">
                <span class="method-name">beforeMethod(public void com.the_internet_herokuapp.testcase.CheckBoxes.checkbox() throws java.lang.InterruptedEx...)</span>
                <span class="method-start">27785 ms</span>
              </div> <!-- configuration-method before -->
              <div class="test-method">
                <span class="method-name">checkbox</span>
                <span class="method-start">27789 ms</span>
              </div> <!-- test-method -->
              <div class="configuration-method after">
                <span class="method-name">writeResult([TestResult name=checkbox status=SUCCESS method=CheckBoxes.checkbox()[pri:0, instance:com.the_intern...)</span>
                <span class="method-start">29596 ms</span>
              </div> <!-- configuration-method after -->
              <div class="configuration-class after">
                <span class="method-name">afterClass</span>
                <span class="method-start">29942 ms</span>
              </div> <!-- configuration-class after -->
            </div> <!-- chronological-class -->
            <div class="chronological-class">
              <div class="chronological-class-name">com.the_internet_herokuapp.testcase.Basic_Auth</div> <!-- chronological-class-name -->
              <div class="configuration-class before">
                <span class="method-name">applicationStart</span>
                <span class="method-start">31011 ms</span>
              </div> <!-- configuration-class before -->
              <div class="configuration-method before">
                <span class="method-name">beforeMethod(public void com.the_internet_herokuapp.testcase.Basic_Auth.f())</span>
                <span class="method-start">38567 ms</span>
              </div> <!-- configuration-method before -->
              <div class="test-method">
                <span class="method-name">f</span>
                <span class="method-start">38567 ms</span>
              </div> <!-- test-method -->
              <div class="configuration-method after">
                <span class="method-name">writeResult([TestResult name=f status=SUCCESS method=Basic_Auth.f()[pri:0, instance:com.the_internet_herokuapp.t...)</span>
                <span class="method-start">63272 ms</span>
              </div> <!-- configuration-method after -->
              <div class="configuration-class after">
                <span class="method-name">afterClass</span>
                <span class="method-start">63302 ms</span>
              </div> <!-- configuration-class after -->
            </div> <!-- chronological-class -->
            <div class="chronological-class">
              <div class="chronological-class-name">com.the_internet_herokuapp.testcase.File_Upload</div> <!-- chronological-class-name -->
              <div class="configuration-class before">
                <span class="method-name">applicationStart</span>
                <span class="method-start">64302 ms</span>
              </div> <!-- configuration-class before -->
              <div class="configuration-method before">
                <span class="method-name">beforeMethod(public void com.the_internet_herokuapp.testcase.File_Upload.f())</span>
                <span class="method-start">74552 ms</span>
              </div> <!-- configuration-method before -->
              <div class="test-method">
                <img src="failed.png">
                </img>
                <span class="method-name">f</span>
                <span class="method-start">74552 ms</span>
              </div> <!-- test-method -->
              <div class="configuration-method after">
                <span class="method-name">writeResult([TestResult name=f status=FAILURE method=File_Upload.f()[pri:0, instance:com.the_internet_herokuapp....)</span>
                <span class="method-start">75323 ms</span>
              </div> <!-- configuration-method after -->
              <div class="configuration-class after">
                <span class="method-name">afterClass</span>
                <span class="method-start">75532 ms</span>
              </div> <!-- configuration-class after -->
            </div> <!-- chronological-class -->
            <div class="chronological-class">
              <div class="chronological-class-name">com.the_internet_herokuapp.testcase.Form_Authentication</div> <!-- chronological-class-name -->
              <div class="configuration-class before">
                <span class="method-name">applicationStart</span>
                <span class="method-start">76534 ms</span>
              </div> <!-- configuration-class before -->
              <div class="configuration-method before">
                <span class="method-name">beforeMethod(public void com.the_internet_herokuapp.testcase.Form_Authentication.valid())</span>
                <span class="method-start">83991 ms</span>
              </div> <!-- configuration-method before -->
              <div class="test-method">
                <span class="method-name">valid</span>
                <span class="method-start">83991 ms</span>
              </div> <!-- test-method -->
              <div class="configuration-method after">
                <span class="method-name">writeResult([TestResult name=valid status=SUCCESS method=Form_Authentication.valid()[pri:0, instance:com.the_int...)</span>
                <span class="method-start">92121 ms</span>
              </div> <!-- configuration-method after -->
              <div class="configuration-class after">
                <span class="method-name">afterClass</span>
                <span class="method-start">92151 ms</span>
              </div> <!-- configuration-class after -->
            </div> <!-- chronological-class -->
            <div class="chronological-class">
              <div class="chronological-class-name">com.the_internet_herokuapp.testcase.CheckBoxes</div> <!-- chronological-class-name -->
              <div class="configuration-suite after">
                <span class="method-name">closeExtentReport</span>
                <span class="method-start">93276 ms</span>
              </div> <!-- configuration-suite after -->
          </div> <!-- main-panel-content rounded-window-bottom -->
        </div> <!-- panel -->
      </div> <!-- main-panel-root -->
    </div> <!-- wrapper -->
  </body>
</html>
