<?xml version="1.0" encoding="UTF-8"?>
<!-- Generated by org.testng.reporters.JUnitXMLReporter -->
<testsuite hostname="ARANJAN-LTW7" ignored="6" name="TEST_ALL_ASHIWANI" tests="4" failures="1" timestamp="25 May 2018 07:26:46 GMT" time="98.644" errors="0">
  <testcase name="checkbox" time="1.57" classname="com.the_internet_herokuapp.testcase.CheckBoxes"/>
  <testcase name="f" time="5.815" classname="com.the_internet_herokuapp.testcase.Basic_Auth"/>
  <testcase name="f" time="30.269" classname="com.the_internet_herokuapp.testcase.File_Upload"/>
  <testcase name="valid" time="2.961" classname="com.the_internet_herokuapp.testcase.Form_Authentication">
    <failure type="org.openqa.selenium.WebDriverException" message="unknown error: call function result missing &amp;apos;value&amp;apos;
  (Session info: chrome=66.0.3359.181)
  (Driver info: chromedriver=2.34.522940 (1a76f96f66e3ca7b8e57d503b4dd3bccfba87af1),platform=Windows NT 6.1.7601 SP1 x86_64) (WARNING: The server did not provide any stacktrace information)
Command duration or timeout: 0 milliseconds
Build info: version: &amp;apos;3.7.1&amp;apos;, revision: &amp;apos;8a0099a&amp;apos;, time: &amp;apos;2017-11-06T21:07:36.161Z&amp;apos;
System info: host: &amp;apos;ARANJAN-LTW7&amp;apos;, ip: &amp;apos;10.33.176.55&amp;apos;, os.name: &amp;apos;Windows 7&amp;apos;, os.arch: &amp;apos;amd64&amp;apos;, os.version: &amp;apos;6.1&amp;apos;, java.version: &amp;apos;1.8.0_131&amp;apos;
Driver info: org.openqa.selenium.chrome.ChromeDriver
Capabilities {acceptSslCerts: true, applicationCacheEnabled: false, browserConnectionEnabled: false, browserName: chrome, chrome: {chromedriverVersion: 2.34.522940 (1a76f96f66e3ca..., userDataDir: C:\Users\aranjan\AppData\Lo...}, cssSelectorsEnabled: true, databaseEnabled: false, handlesAlerts: true, hasTouchScreen: false, javascriptEnabled: true, locationContextEnabled: true, mobileEmulationEnabled: false, nativeEvents: true, networkConnectionEnabled: false, pageLoadStrategy: normal, platform: XP, platformName: XP, rotatable: false, setWindowRect: true, takesHeapSnapshot: true, takesScreenshot: true, unexpectedAlertBehaviour: , unhandledPromptBehavior: , version: 66.0.3359.181, webStorageEnabled: true}
Session ID: 7c44ddb325cee8972303bd22667d2f95">
      <![CDATA[org.openqa.selenium.WebDriverException: unknown error: call function result missing 'value'
  (Session info: chrome=66.0.3359.181)
  (Driver info: chromedriver=2.34.522940 (1a76f96f66e3ca7b8e57d503b4dd3bccfba87af1),platform=Windows NT 6.1.7601 SP1 x86_64) (WARNING: The server did not provide any stacktrace information)
Command duration or timeout: 0 milliseconds
Build info: version: '3.7.1', revision: '8a0099a', time: '2017-11-06T21:07:36.161Z'
System info: host: 'ARANJAN-LTW7', ip: '10.33.176.55', os.name: 'Windows 7', os.arch: 'amd64', os.version: '6.1', java.version: '1.8.0_131'
Driver info: org.openqa.selenium.chrome.ChromeDriver
Capabilities {acceptSslCerts: true, applicationCacheEnabled: false, browserConnectionEnabled: false, browserName: chrome, chrome: {chromedriverVersion: 2.34.522940 (1a76f96f66e3ca..., userDataDir: C:\Users\aranjan\AppData\Lo...}, cssSelectorsEnabled: true, databaseEnabled: false, handlesAlerts: true, hasTouchScreen: false, javascriptEnabled: true, locationContextEnabled: true, mobileEmulationEnabled: false, nativeEvents: true, networkConnectionEnabled: false, pageLoadStrategy: normal, platform: XP, platformName: XP, rotatable: false, setWindowRect: true, takesHeapSnapshot: true, takesScreenshot: true, unexpectedAlertBehaviour: , unhandledPromptBehavior: , version: 66.0.3359.181, webStorageEnabled: true}
Session ID: 7c44ddb325cee8972303bd22667d2f95
	at org.openqa.selenium.remote.ErrorHandler.createThrowable(ErrorHandler.java:214)
	at org.openqa.selenium.remote.ErrorHandler.throwIfResponseFailed(ErrorHandler.java:166)
	at org.openqa.selenium.remote.http.JsonHttpResponseCodec.reconstructValue(JsonHttpResponseCodec.java:40)
	at org.openqa.selenium.remote.http.AbstractHttpResponseCodec.decode(AbstractHttpResponseCodec.java:80)
	at org.openqa.selenium.remote.http.AbstractHttpResponseCodec.decode(AbstractHttpResponseCodec.java:44)
	at org.openqa.selenium.remote.HttpCommandExecutor.execute(HttpCommandExecutor.java:164)
	at org.openqa.selenium.remote.service.DriverCommandExecutor.execute(DriverCommandExecutor.java:83)
	at org.openqa.selenium.remote.RemoteWebDriver.execute(RemoteWebDriver.java:600)
	at org.openqa.selenium.remote.RemoteWebElement.execute(RemoteWebElement.java:279)
	at org.openqa.selenium.remote.RemoteWebElement.sendKeys(RemoteWebElement.java:100)
	at com.the_internet_herokuapp.testcase.Form_Authentication.valid(Form_Authentication.java:21)
... Removed 29 stack frames]]>
    </failure>
  </testcase> <!-- valid -->
  <testcase name="@BeforeSuite setUpExtentReport" time="0.0" classname="BaseOperation.BaseClass">
    <ignored/>
  </testcase> <!-- @BeforeSuite setUpExtentReport -->
  <testcase name="@BeforeSuite setUpExtentReport" time="0.0" classname="BaseOperation.BaseClass">
    <ignored/>
  </testcase> <!-- @BeforeSuite setUpExtentReport -->
  <testcase name="@BeforeSuite setUpExtentReport" time="0.0" classname="BaseOperation.BaseClass">
    <ignored/>
  </testcase> <!-- @BeforeSuite setUpExtentReport -->
  <testcase name="@AfterSuite closeExtentReport" time="0.0" classname="BaseOperation.BaseClass">
    <ignored/>
  </testcase> <!-- @AfterSuite closeExtentReport -->
  <testcase name="@AfterSuite closeExtentReport" time="0.0" classname="BaseOperation.BaseClass">
    <ignored/>
  </testcase> <!-- @AfterSuite closeExtentReport -->
  <testcase name="@AfterSuite closeExtentReport" time="0.0" classname="BaseOperation.BaseClass">
    <ignored/>
  </testcase> <!-- @AfterSuite closeExtentReport -->
</testsuite> <!-- TEST_ALL_ASHIWANI -->
